<?xml version="1.0" encoding="UTF-8"?>
<testsuite xmlns:xsi="http://www.w3.org/2001/XMLSchema-instance" xsi:noNamespaceSchemaLocation="https://maven.apache.org/surefire/maven-surefire-plugin/xsd/surefire-test-report-3.0.xsd" version="3.0" name="TestSuite" time="779.668" tests="18" errors="0" skipped="0" failures="0">
  <properties>
    <property name="sun.desktop" value="windows"/>
    <property name="awt.toolkit" value="sun.awt.windows.WToolkit"/>
    <property name="file.encoding.pkg" value="sun.io"/>
    <property name="java.specification.version" value="1.8"/>
    <property name="webdriver.chrome.driver" value="C:\Users\jatus\.cache\selenium\chromedriver\win32\100.0.4896.60\chromedriver.exe"/>
    <property name="sun.cpu.isalist" value="amd64"/>
    <property name="sun.jnu.encoding" value="Cp1252"/>
    <property name="java.class.path" value="E:\Automation Projects\Java\AutomationPractice2\target\test-classes;E:\Automation Projects\Java\AutomationPractice2\target\classes;C:\Users\jatus\.m2\repository\org\seleniumhq\selenium\selenium-java\4.1.3\selenium-java-4.1.3.jar;C:\Users\jatus\.m2\repository\org\seleniumhq\selenium\selenium-api\4.1.3\selenium-api-4.1.3.jar;C:\Users\jatus\.m2\repository\org\seleniumhq\selenium\selenium-chrome-driver\4.1.3\selenium-chrome-driver-4.1.3.jar;C:\Users\jatus\.m2\repository\com\google\auto\service\auto-service-annotations\1.0.1\auto-service-annotations-1.0.1.jar;C:\Users\jatus\.m2\repository\com\google\auto\service\auto-service\1.0.1\auto-service-1.0.1.jar;C:\Users\jatus\.m2\repository\com\google\auto\auto-common\1.2\auto-common-1.2.jar;C:\Users\jatus\.m2\repository\com\google\guava\guava\31.1-jre\guava-31.1-jre.jar;C:\Users\jatus\.m2\repository\com\google\guava\failureaccess\1.0.1\failureaccess-1.0.1.jar;C:\Users\jatus\.m2\repository\com\google\guava\listenablefuture\9999.0-empty-to-avoid-conflict-with-guava\listenablefuture-9999.0-empty-to-avoid-conflict-with-guava.jar;C:\Users\jatus\.m2\repository\org\checkerframework\checker-qual\3.12.0\checker-qual-3.12.0.jar;C:\Users\jatus\.m2\repository\com\google\errorprone\error_prone_annotations\2.11.0\error_prone_annotations-2.11.0.jar;C:\Users\jatus\.m2\repository\com\google\j2objc\j2objc-annotations\1.3\j2objc-annotations-1.3.jar;C:\Users\jatus\.m2\repository\org\seleniumhq\selenium\selenium-chromium-driver\4.1.3\selenium-chromium-driver-4.1.3.jar;C:\Users\jatus\.m2\repository\org\seleniumhq\selenium\selenium-json\4.1.3\selenium-json-4.1.3.jar;C:\Users\jatus\.m2\repository\org\seleniumhq\selenium\selenium-devtools-v85\4.1.3\selenium-devtools-v85-4.1.3.jar;C:\Users\jatus\.m2\repository\org\seleniumhq\selenium\selenium-devtools-v97\4.1.3\selenium-devtools-v97-4.1.3.jar;C:\Users\jatus\.m2\repository\org\seleniumhq\selenium\selenium-devtools-v98\4.1.3\selenium-devtools-v98-4.1.3.jar;C:\Users\jatus\.m2\repository\org\seleniumhq\selenium\selenium-devtools-v99\4.1.3\selenium-devtools-v99-4.1.3.jar;C:\Users\jatus\.m2\repository\org\seleniumhq\selenium\selenium-edge-driver\4.1.3\selenium-edge-driver-4.1.3.jar;C:\Users\jatus\.m2\repository\org\seleniumhq\selenium\selenium-firefox-driver\4.1.3\selenium-firefox-driver-4.1.3.jar;C:\Users\jatus\.m2\repository\org\seleniumhq\selenium\selenium-ie-driver\4.1.3\selenium-ie-driver-4.1.3.jar;C:\Users\jatus\.m2\repository\org\seleniumhq\selenium\selenium-opera-driver\4.1.3\selenium-opera-driver-4.1.3.jar;C:\Users\jatus\.m2\repository\org\seleniumhq\selenium\selenium-remote-driver\4.1.3\selenium-remote-driver-4.1.3.jar;C:\Users\jatus\.m2\repository\io\netty\netty-buffer\4.1.75.Final\netty-buffer-4.1.75.Final.jar;C:\Users\jatus\.m2\repository\io\netty\netty-codec-http\4.1.75.Final\netty-codec-http-4.1.75.Final.jar;C:\Users\jatus\.m2\repository\io\netty\netty-codec\4.1.75.Final\netty-codec-4.1.75.Final.jar;C:\Users\jatus\.m2\repository\io\netty\netty-handler\4.1.75.Final\netty-handler-4.1.75.Final.jar;C:\Users\jatus\.m2\repository\io\netty\netty-common\4.1.75.Final\netty-common-4.1.75.Final.jar;C:\Users\jatus\.m2\repository\io\netty\netty-transport-classes-epoll\4.1.75.Final\netty-transport-classes-epoll-4.1.75.Final.jar;C:\Users\jatus\.m2\repository\io\netty\netty-transport-classes-kqueue\4.1.75.Final\netty-transport-classes-kqueue-4.1.75.Final.jar;C:\Users\jatus\.m2\repository\io\netty\netty-transport-native-epoll\4.1.75.Final\netty-transport-native-epoll-4.1.75.Final.jar;C:\Users\jatus\.m2\repository\io\netty\netty-transport-native-kqueue\4.1.75.Final\netty-transport-native-kqueue-4.1.75.Final.jar;C:\Users\jatus\.m2\repository\io\netty\netty-transport-native-unix-common\4.1.75.Final\netty-transport-native-unix-common-4.1.75.Final.jar;C:\Users\jatus\.m2\repository\io\netty\netty-transport\4.1.75.Final\netty-transport-4.1.75.Final.jar;C:\Users\jatus\.m2\repository\io\netty\netty-resolver\4.1.75.Final\netty-resolver-4.1.75.Final.jar;C:\Users\jatus\.m2\repository\io\opentelemetry\opentelemetry-api\1.12.0\opentelemetry-api-1.12.0.jar;C:\Users\jatus\.m2\repository\io\opentelemetry\opentelemetry-context\1.12.0\opentelemetry-context-1.12.0.jar;C:\Users\jatus\.m2\repository\io\opentelemetry\opentelemetry-exporter-logging\1.12.0\opentelemetry-exporter-logging-1.12.0.jar;C:\Users\jatus\.m2\repository\io\opentelemetry\opentelemetry-sdk-metrics\1.12.0-alpha\opentelemetry-sdk-metrics-1.12.0-alpha.jar;C:\Users\jatus\.m2\repository\io\opentelemetry\opentelemetry-sdk-logs\1.12.0-alpha\opentelemetry-sdk-logs-1.12.0-alpha.jar;C:\Users\jatus\.m2\repository\io\opentelemetry\opentelemetry-sdk-common\1.12.0\opentelemetry-sdk-common-1.12.0.jar;C:\Users\jatus\.m2\repository\io\opentelemetry\opentelemetry-sdk-extension-autoconfigure-spi\1.12.0\opentelemetry-sdk-extension-autoconfigure-spi-1.12.0.jar;C:\Users\jatus\.m2\repository\io\opentelemetry\opentelemetry-sdk-extension-autoconfigure\1.12.0-alpha\opentelemetry-sdk-extension-autoconfigure-1.12.0-alpha.jar;C:\Users\jatus\.m2\repository\io\opentelemetry\opentelemetry-sdk-trace\1.12.0\opentelemetry-sdk-trace-1.12.0.jar;C:\Users\jatus\.m2\repository\io\opentelemetry\opentelemetry-sdk\1.12.0\opentelemetry-sdk-1.12.0.jar;C:\Users\jatus\.m2\repository\io\opentelemetry\opentelemetry-semconv\1.12.0-alpha\opentelemetry-semconv-1.12.0-alpha.jar;C:\Users\jatus\.m2\repository\io\ous\jtoml\2.0.0\jtoml-2.0.0.jar;C:\Users\jatus\.m2\repository\net\bytebuddy\byte-buddy\1.12.8\byte-buddy-1.12.8.jar;C:\Users\jatus\.m2\repository\org\apache\commons\commons-exec\1.3\commons-exec-1.3.jar;C:\Users\jatus\.m2\repository\org\asynchttpclient\async-http-client\2.12.3\async-http-client-2.12.3.jar;C:\Users\jatus\.m2\repository\org\asynchttpclient\async-http-client-netty-utils\2.12.3\async-http-client-netty-utils-2.12.3.jar;C:\Users\jatus\.m2\repository\io\netty\netty-codec-socks\4.1.60.Final\netty-codec-socks-4.1.60.Final.jar;C:\Users\jatus\.m2\repository\io\netty\netty-handler-proxy\4.1.60.Final\netty-handler-proxy-4.1.60.Final.jar;C:\Users\jatus\.m2\repository\io\netty\netty-transport-native-epoll\4.1.60.Final\netty-transport-native-epoll-4.1.60.Final-linux-x86_64.jar;C:\Users\jatus\.m2\repository\io\netty\netty-transport-native-kqueue\4.1.60.Final\netty-transport-native-kqueue-4.1.60.Final-osx-x86_64.jar;C:\Users\jatus\.m2\repository\com\typesafe\netty\netty-reactive-streams\2.0.4\netty-reactive-streams-2.0.4.jar;C:\Users\jatus\.m2\repository\com\sun\activation\jakarta.activation\1.2.2\jakarta.activation-1.2.2.jar;C:\Users\jatus\.m2\repository\org\seleniumhq\selenium\selenium-http\4.1.3\selenium-http-4.1.3.jar;C:\Users\jatus\.m2\repository\dev\failsafe\failsafe\3.2.3\failsafe-3.2.3.jar;C:\Users\jatus\.m2\repository\org\seleniumhq\selenium\selenium-safari-driver\4.1.3\selenium-safari-driver-4.1.3.jar;C:\Users\jatus\.m2\repository\org\seleniumhq\selenium\selenium-support\4.1.3\selenium-support-4.1.3.jar;C:\Users\jatus\.m2\repository\io\github\bonigarcia\webdrivermanager\5.1.1\webdrivermanager-5.1.1.jar;C:\Users\jatus\.m2\repository\org\slf4j\slf4j-api\1.7.36\slf4j-api-1.7.36.jar;C:\Users\jatus\.m2\repository\com\google\code\gson\gson\2.9.0\gson-2.9.0.jar;C:\Users\jatus\.m2\repository\com\github\docker-java\docker-java\3.2.13\docker-java-3.2.13.jar;C:\Users\jatus\.m2\repository\com\github\docker-java\docker-java-core\3.2.13\docker-java-core-3.2.13.jar;C:\Users\jatus\.m2\repository\com\github\docker-java\docker-java-api\3.2.13\docker-java-api-3.2.13.jar;C:\Users\jatus\.m2\repository\com\fasterxml\jackson\core\jackson-annotations\2.10.3\jackson-annotations-2.10.3.jar;C:\Users\jatus\.m2\repository\org\apache\commons\commons-compress\1.21\commons-compress-1.21.jar;C:\Users\jatus\.m2\repository\com\fasterxml\jackson\core\jackson-databind\2.10.3\jackson-databind-2.10.3.jar;C:\Users\jatus\.m2\repository\com\fasterxml\jackson\core\jackson-core\2.10.3\jackson-core-2.10.3.jar;C:\Users\jatus\.m2\repository\org\bouncycastle\bcpkix-jdk15on\1.64\bcpkix-jdk15on-1.64.jar;C:\Users\jatus\.m2\repository\org\bouncycastle\bcprov-jdk15on\1.64\bcprov-jdk15on-1.64.jar;C:\Users\jatus\.m2\repository\org\slf4j\jcl-over-slf4j\1.7.30\jcl-over-slf4j-1.7.30.jar;C:\Users\jatus\.m2\repository\com\github\docker-java\docker-java-transport-httpclient5\3.2.13\docker-java-transport-httpclient5-3.2.13.jar;C:\Users\jatus\.m2\repository\com\github\docker-java\docker-java-transport\3.2.13\docker-java-transport-3.2.13.jar;C:\Users\jatus\.m2\repository\net\java\dev\jna\jna\5.8.0\jna-5.8.0.jar;C:\Users\jatus\.m2\repository\org\brotli\dec\0.1.2\dec-0.1.2.jar;C:\Users\jatus\.m2\repository\org\apache\commons\commons-lang3\3.12.0\commons-lang3-3.12.0.jar;C:\Users\jatus\.m2\repository\org\apache\httpcomponents\client5\httpclient5\5.1.3\httpclient5-5.1.3.jar;C:\Users\jatus\.m2\repository\org\apache\httpcomponents\core5\httpcore5\5.1.3\httpcore5-5.1.3.jar;C:\Users\jatus\.m2\repository\org\apache\httpcomponents\core5\httpcore5-h2\5.1.3\httpcore5-h2-5.1.3.jar;C:\Users\jatus\.m2\repository\org\testng\testng\7.5\testng-7.5.jar;C:\Users\jatus\.m2\repository\com\google\code\findbugs\jsr305\3.0.1\jsr305-3.0.1.jar;C:\Users\jatus\.m2\repository\com\beust\jcommander\1.78\jcommander-1.78.jar;C:\Users\jatus\.m2\repository\org\webjars\jquery\3.5.1\jquery-3.5.1.jar;C:\Users\jatus\.m2\repository\io\qameta\allure\allure-testng\2.17.3\allure-testng-2.17.3.jar;C:\Users\jatus\.m2\repository\io\qameta\allure\allure-java-commons\2.17.3\allure-java-commons-2.17.3.jar;C:\Users\jatus\.m2\repository\io\qameta\allure\allure-model\2.17.3\allure-model-2.17.3.jar;C:\Users\jatus\.m2\repository\io\qameta\allure\allure-test-filter\2.17.3\allure-test-filter-2.17.3.jar;C:\Users\jatus\.m2\repository\com\aventstack\extentreports\5.0.9\extentreports-5.0.9.jar;C:\Users\jatus\.m2\repository\io\reactivex\rxjava3\rxjava\3.0.4\rxjava-3.0.4.jar;C:\Users\jatus\.m2\repository\org\reactivestreams\reactive-streams\1.0.3\reactive-streams-1.0.3.jar;C:\Users\jatus\.m2\repository\org\freemarker\freemarker\2.3.30\freemarker-2.3.30.jar;C:\Users\jatus\.m2\repository\org\projectlombok\lombok\1.18.12\lombok-1.18.12.jar;C:\Users\jatus\.m2\repository\org\apache\logging\log4j\log4j-core\2.17.2\log4j-core-2.17.2.jar;C:\Users\jatus\.m2\repository\org\apache\logging\log4j\log4j-api\2.17.2\log4j-api-2.17.2.jar;C:\Users\jatus\.m2\repository\log4j\log4j\1.2.17\log4j-1.2.17.jar;C:\Users\jatus\.m2\repository\com\sun\mail\javax.mail\1.6.2\javax.mail-1.6.2.jar;C:\Users\jatus\.m2\repository\javax\activation\activation\1.1\activation-1.1.jar;C:\Users\jatus\.m2\repository\org\apache\poi\poi\5.2.2\poi-5.2.2.jar;C:\Users\jatus\.m2\repository\commons-codec\commons-codec\1.15\commons-codec-1.15.jar;C:\Users\jatus\.m2\repository\org\apache\commons\commons-collections4\4.4\commons-collections4-4.4.jar;C:\Users\jatus\.m2\repository\org\apache\commons\commons-math3\3.6.1\commons-math3-3.6.1.jar;C:\Users\jatus\.m2\repository\commons-io\commons-io\2.11.0\commons-io-2.11.0.jar;C:\Users\jatus\.m2\repository\com\zaxxer\SparseBitSet\1.2\SparseBitSet-1.2.jar;C:\Users\jatus\.m2\repository\org\aeonbits\owner\owner\1.0.12\owner-1.0.12.jar;C:\Users\jatus\.m2\repository\com\github\javafaker\javafaker\1.0.2\javafaker-1.0.2.jar;C:\Users\jatus\.m2\repository\org\yaml\snakeyaml\1.23\snakeyaml-1.23-android.jar;C:\Users\jatus\.m2\repository\com\github\mifmif\generex\1.0.2\generex-1.0.2.jar;C:\Users\jatus\.m2\repository\dk\brics\automaton\automaton\1.11-8\automaton-1.11-8.jar;"/>
    <property name="java.vm.vendor" value="Oracle Corporation"/>
    <property name="sun.arch.data.model" value="64"/>
    <property name="user.variant" value=""/>
    <property name="java.vendor.url" value="http://java.oracle.com/"/>
    <property name="user.timezone" value="Asia/Calcutta"/>
    <property name="java.vm.specification.version" value="1.8"/>
    <property name="os.name" value="Windows 10"/>
    <property name="user.country" value="US"/>
    <property name="sun.java.launcher" value="SUN_STANDARD"/>
    <property name="sun.boot.library.path" value="C:\Program Files\Java\jdk1.8.0_301\jre\bin"/>
    <property name="sun.java.command" value="C:\Users\jatus\AppData\Local\Temp\surefire8773176231869808924\surefirebooter4483508879053455170.jar C:\Users\jatus\AppData\Local\Temp\surefire8773176231869808924 2022-05-05T11-25-18_430-jvmRun1 surefire5973556435208923622tmp surefire_07332135253878769457tmp"/>
    <property name="surefire.test.class.path" value="E:\Automation Projects\Java\AutomationPractice2\target\test-classes;E:\Automation Projects\Java\AutomationPractice2\target\classes;C:\Users\jatus\.m2\repository\org\seleniumhq\selenium\selenium-java\4.1.3\selenium-java-4.1.3.jar;C:\Users\jatus\.m2\repository\org\seleniumhq\selenium\selenium-api\4.1.3\selenium-api-4.1.3.jar;C:\Users\jatus\.m2\repository\org\seleniumhq\selenium\selenium-chrome-driver\4.1.3\selenium-chrome-driver-4.1.3.jar;C:\Users\jatus\.m2\repository\com\google\auto\service\auto-service-annotations\1.0.1\auto-service-annotations-1.0.1.jar;C:\Users\jatus\.m2\repository\com\google\auto\service\auto-service\1.0.1\auto-service-1.0.1.jar;C:\Users\jatus\.m2\repository\com\google\auto\auto-common\1.2\auto-common-1.2.jar;C:\Users\jatus\.m2\repository\com\google\guava\guava\31.1-jre\guava-31.1-jre.jar;C:\Users\jatus\.m2\repository\com\google\guava\failureaccess\1.0.1\failureaccess-1.0.1.jar;C:\Users\jatus\.m2\repository\com\google\guava\listenablefuture\9999.0-empty-to-avoid-conflict-with-guava\listenablefuture-9999.0-empty-to-avoid-conflict-with-guava.jar;C:\Users\jatus\.m2\repository\org\checkerframework\checker-qual\3.12.0\checker-qual-3.12.0.jar;C:\Users\jatus\.m2\repository\com\google\errorprone\error_prone_annotations\2.11.0\error_prone_annotations-2.11.0.jar;C:\Users\jatus\.m2\repository\com\google\j2objc\j2objc-annotations\1.3\j2objc-annotations-1.3.jar;C:\Users\jatus\.m2\repository\org\seleniumhq\selenium\selenium-chromium-driver\4.1.3\selenium-chromium-driver-4.1.3.jar;C:\Users\jatus\.m2\repository\org\seleniumhq\selenium\selenium-json\4.1.3\selenium-json-4.1.3.jar;C:\Users\jatus\.m2\repository\org\seleniumhq\selenium\selenium-devtools-v85\4.1.3\selenium-devtools-v85-4.1.3.jar;C:\Users\jatus\.m2\repository\org\seleniumhq\selenium\selenium-devtools-v97\4.1.3\selenium-devtools-v97-4.1.3.jar;C:\Users\jatus\.m2\repository\org\seleniumhq\selenium\selenium-devtools-v98\4.1.3\selenium-devtools-v98-4.1.3.jar;C:\Users\jatus\.m2\repository\org\seleniumhq\selenium\selenium-devtools-v99\4.1.3\selenium-devtools-v99-4.1.3.jar;C:\Users\jatus\.m2\repository\org\seleniumhq\selenium\selenium-edge-driver\4.1.3\selenium-edge-driver-4.1.3.jar;C:\Users\jatus\.m2\repository\org\seleniumhq\selenium\selenium-firefox-driver\4.1.3\selenium-firefox-driver-4.1.3.jar;C:\Users\jatus\.m2\repository\org\seleniumhq\selenium\selenium-ie-driver\4.1.3\selenium-ie-driver-4.1.3.jar;C:\Users\jatus\.m2\repository\org\seleniumhq\selenium\selenium-opera-driver\4.1.3\selenium-opera-driver-4.1.3.jar;C:\Users\jatus\.m2\repository\org\seleniumhq\selenium\selenium-remote-driver\4.1.3\selenium-remote-driver-4.1.3.jar;C:\Users\jatus\.m2\repository\io\netty\netty-buffer\4.1.75.Final\netty-buffer-4.1.75.Final.jar;C:\Users\jatus\.m2\repository\io\netty\netty-codec-http\4.1.75.Final\netty-codec-http-4.1.75.Final.jar;C:\Users\jatus\.m2\repository\io\netty\netty-codec\4.1.75.Final\netty-codec-4.1.75.Final.jar;C:\Users\jatus\.m2\repository\io\netty\netty-handler\4.1.75.Final\netty-handler-4.1.75.Final.jar;C:\Users\jatus\.m2\repository\io\netty\netty-common\4.1.75.Final\netty-common-4.1.75.Final.jar;C:\Users\jatus\.m2\repository\io\netty\netty-transport-classes-epoll\4.1.75.Final\netty-transport-classes-epoll-4.1.75.Final.jar;C:\Users\jatus\.m2\repository\io\netty\netty-transport-classes-kqueue\4.1.75.Final\netty-transport-classes-kqueue-4.1.75.Final.jar;C:\Users\jatus\.m2\repository\io\netty\netty-transport-native-epoll\4.1.75.Final\netty-transport-native-epoll-4.1.75.Final.jar;C:\Users\jatus\.m2\repository\io\netty\netty-transport-native-kqueue\4.1.75.Final\netty-transport-native-kqueue-4.1.75.Final.jar;C:\Users\jatus\.m2\repository\io\netty\netty-transport-native-unix-common\4.1.75.Final\netty-transport-native-unix-common-4.1.75.Final.jar;C:\Users\jatus\.m2\repository\io\netty\netty-transport\4.1.75.Final\netty-transport-4.1.75.Final.jar;C:\Users\jatus\.m2\repository\io\netty\netty-resolver\4.1.75.Final\netty-resolver-4.1.75.Final.jar;C:\Users\jatus\.m2\repository\io\opentelemetry\opentelemetry-api\1.12.0\opentelemetry-api-1.12.0.jar;C:\Users\jatus\.m2\repository\io\opentelemetry\opentelemetry-context\1.12.0\opentelemetry-context-1.12.0.jar;C:\Users\jatus\.m2\repository\io\opentelemetry\opentelemetry-exporter-logging\1.12.0\opentelemetry-exporter-logging-1.12.0.jar;C:\Users\jatus\.m2\repository\io\opentelemetry\opentelemetry-sdk-metrics\1.12.0-alpha\opentelemetry-sdk-metrics-1.12.0-alpha.jar;C:\Users\jatus\.m2\repository\io\opentelemetry\opentelemetry-sdk-logs\1.12.0-alpha\opentelemetry-sdk-logs-1.12.0-alpha.jar;C:\Users\jatus\.m2\repository\io\opentelemetry\opentelemetry-sdk-common\1.12.0\opentelemetry-sdk-common-1.12.0.jar;C:\Users\jatus\.m2\repository\io\opentelemetry\opentelemetry-sdk-extension-autoconfigure-spi\1.12.0\opentelemetry-sdk-extension-autoconfigure-spi-1.12.0.jar;C:\Users\jatus\.m2\repository\io\opentelemetry\opentelemetry-sdk-extension-autoconfigure\1.12.0-alpha\opentelemetry-sdk-extension-autoconfigure-1.12.0-alpha.jar;C:\Users\jatus\.m2\repository\io\opentelemetry\opentelemetry-sdk-trace\1.12.0\opentelemetry-sdk-trace-1.12.0.jar;C:\Users\jatus\.m2\repository\io\opentelemetry\opentelemetry-sdk\1.12.0\opentelemetry-sdk-1.12.0.jar;C:\Users\jatus\.m2\repository\io\opentelemetry\opentelemetry-semconv\1.12.0-alpha\opentelemetry-semconv-1.12.0-alpha.jar;C:\Users\jatus\.m2\repository\io\ous\jtoml\2.0.0\jtoml-2.0.0.jar;C:\Users\jatus\.m2\repository\net\bytebuddy\byte-buddy\1.12.8\byte-buddy-1.12.8.jar;C:\Users\jatus\.m2\repository\org\apache\commons\commons-exec\1.3\commons-exec-1.3.jar;C:\Users\jatus\.m2\repository\org\asynchttpclient\async-http-client\2.12.3\async-http-client-2.12.3.jar;C:\Users\jatus\.m2\repository\org\asynchttpclient\async-http-client-netty-utils\2.12.3\async-http-client-netty-utils-2.12.3.jar;C:\Users\jatus\.m2\repository\io\netty\netty-codec-socks\4.1.60.Final\netty-codec-socks-4.1.60.Final.jar;C:\Users\jatus\.m2\repository\io\netty\netty-handler-proxy\4.1.60.Final\netty-handler-proxy-4.1.60.Final.jar;C:\Users\jatus\.m2\repository\io\netty\netty-transport-native-epoll\4.1.60.Final\netty-transport-native-epoll-4.1.60.Final-linux-x86_64.jar;C:\Users\jatus\.m2\repository\io\netty\netty-transport-native-kqueue\4.1.60.Final\netty-transport-native-kqueue-4.1.60.Final-osx-x86_64.jar;C:\Users\jatus\.m2\repository\com\typesafe\netty\netty-reactive-streams\2.0.4\netty-reactive-streams-2.0.4.jar;C:\Users\jatus\.m2\repository\com\sun\activation\jakarta.activation\1.2.2\jakarta.activation-1.2.2.jar;C:\Users\jatus\.m2\repository\org\seleniumhq\selenium\selenium-http\4.1.3\selenium-http-4.1.3.jar;C:\Users\jatus\.m2\repository\dev\failsafe\failsafe\3.2.3\failsafe-3.2.3.jar;C:\Users\jatus\.m2\repository\org\seleniumhq\selenium\selenium-safari-driver\4.1.3\selenium-safari-driver-4.1.3.jar;C:\Users\jatus\.m2\repository\org\seleniumhq\selenium\selenium-support\4.1.3\selenium-support-4.1.3.jar;C:\Users\jatus\.m2\repository\io\github\bonigarcia\webdrivermanager\5.1.1\webdrivermanager-5.1.1.jar;C:\Users\jatus\.m2\repository\org\slf4j\slf4j-api\1.7.36\slf4j-api-1.7.36.jar;C:\Users\jatus\.m2\repository\com\google\code\gson\gson\2.9.0\gson-2.9.0.jar;C:\Users\jatus\.m2\repository\com\github\docker-java\docker-java\3.2.13\docker-java-3.2.13.jar;C:\Users\jatus\.m2\repository\com\github\docker-java\docker-java-core\3.2.13\docker-java-core-3.2.13.jar;C:\Users\jatus\.m2\repository\com\github\docker-java\docker-java-api\3.2.13\docker-java-api-3.2.13.jar;C:\Users\jatus\.m2\repository\com\fasterxml\jackson\core\jackson-annotations\2.10.3\jackson-annotations-2.10.3.jar;C:\Users\jatus\.m2\repository\org\apache\commons\commons-compress\1.21\commons-compress-1.21.jar;C:\Users\jatus\.m2\repository\com\fasterxml\jackson\core\jackson-databind\2.10.3\jackson-databind-2.10.3.jar;C:\Users\jatus\.m2\repository\com\fasterxml\jackson\core\jackson-core\2.10.3\jackson-core-2.10.3.jar;C:\Users\jatus\.m2\repository\org\bouncycastle\bcpkix-jdk15on\1.64\bcpkix-jdk15on-1.64.jar;C:\Users\jatus\.m2\repository\org\bouncycastle\bcprov-jdk15on\1.64\bcprov-jdk15on-1.64.jar;C:\Users\jatus\.m2\repository\org\slf4j\jcl-over-slf4j\1.7.30\jcl-over-slf4j-1.7.30.jar;C:\Users\jatus\.m2\repository\com\github\docker-java\docker-java-transport-httpclient5\3.2.13\docker-java-transport-httpclient5-3.2.13.jar;C:\Users\jatus\.m2\repository\com\github\docker-java\docker-java-transport\3.2.13\docker-java-transport-3.2.13.jar;C:\Users\jatus\.m2\repository\net\java\dev\jna\jna\5.8.0\jna-5.8.0.jar;C:\Users\jatus\.m2\repository\org\brotli\dec\0.1.2\dec-0.1.2.jar;C:\Users\jatus\.m2\repository\org\apache\commons\commons-lang3\3.12.0\commons-lang3-3.12.0.jar;C:\Users\jatus\.m2\repository\org\apache\httpcomponents\client5\httpclient5\5.1.3\httpclient5-5.1.3.jar;C:\Users\jatus\.m2\repository\org\apache\httpcomponents\core5\httpcore5\5.1.3\httpcore5-5.1.3.jar;C:\Users\jatus\.m2\repository\org\apache\httpcomponents\core5\httpcore5-h2\5.1.3\httpcore5-h2-5.1.3.jar;C:\Users\jatus\.m2\repository\org\testng\testng\7.5\testng-7.5.jar;C:\Users\jatus\.m2\repository\com\google\code\findbugs\jsr305\3.0.1\jsr305-3.0.1.jar;C:\Users\jatus\.m2\repository\com\beust\jcommander\1.78\jcommander-1.78.jar;C:\Users\jatus\.m2\repository\org\webjars\jquery\3.5.1\jquery-3.5.1.jar;C:\Users\jatus\.m2\repository\io\qameta\allure\allure-testng\2.17.3\allure-testng-2.17.3.jar;C:\Users\jatus\.m2\repository\io\qameta\allure\allure-java-commons\2.17.3\allure-java-commons-2.17.3.jar;C:\Users\jatus\.m2\repository\io\qameta\allure\allure-model\2.17.3\allure-model-2.17.3.jar;C:\Users\jatus\.m2\repository\io\qameta\allure\allure-test-filter\2.17.3\allure-test-filter-2.17.3.jar;C:\Users\jatus\.m2\repository\com\aventstack\extentreports\5.0.9\extentreports-5.0.9.jar;C:\Users\jatus\.m2\repository\io\reactivex\rxjava3\rxjava\3.0.4\rxjava-3.0.4.jar;C:\Users\jatus\.m2\repository\org\reactivestreams\reactive-streams\1.0.3\reactive-streams-1.0.3.jar;C:\Users\jatus\.m2\repository\org\freemarker\freemarker\2.3.30\freemarker-2.3.30.jar;C:\Users\jatus\.m2\repository\org\projectlombok\lombok\1.18.12\lombok-1.18.12.jar;C:\Users\jatus\.m2\repository\org\apache\logging\log4j\log4j-core\2.17.2\log4j-core-2.17.2.jar;C:\Users\jatus\.m2\repository\org\apache\logging\log4j\log4j-api\2.17.2\log4j-api-2.17.2.jar;C:\Users\jatus\.m2\repository\log4j\log4j\1.2.17\log4j-1.2.17.jar;C:\Users\jatus\.m2\repository\com\sun\mail\javax.mail\1.6.2\javax.mail-1.6.2.jar;C:\Users\jatus\.m2\repository\javax\activation\activation\1.1\activation-1.1.jar;C:\Users\jatus\.m2\repository\org\apache\poi\poi\5.2.2\poi-5.2.2.jar;C:\Users\jatus\.m2\repository\commons-codec\commons-codec\1.15\commons-codec-1.15.jar;C:\Users\jatus\.m2\repository\org\apache\commons\commons-collections4\4.4\commons-collections4-4.4.jar;C:\Users\jatus\.m2\repository\org\apache\commons\commons-math3\3.6.1\commons-math3-3.6.1.jar;C:\Users\jatus\.m2\repository\commons-io\commons-io\2.11.0\commons-io-2.11.0.jar;C:\Users\jatus\.m2\repository\com\zaxxer\SparseBitSet\1.2\SparseBitSet-1.2.jar;C:\Users\jatus\.m2\repository\org\aeonbits\owner\owner\1.0.12\owner-1.0.12.jar;C:\Users\jatus\.m2\repository\com\github\javafaker\javafaker\1.0.2\javafaker-1.0.2.jar;C:\Users\jatus\.m2\repository\org\yaml\snakeyaml\1.23\snakeyaml-1.23-android.jar;C:\Users\jatus\.m2\repository\com\github\mifmif\generex\1.0.2\generex-1.0.2.jar;C:\Users\jatus\.m2\repository\dk\brics\automaton\automaton\1.11-8\automaton-1.11-8.jar;"/>
    <property name="sun.cpu.endian" value="little"/>
    <property name="allure.results.directory" value="E:\Automation Projects\Java\AutomationPractice2/target/allure-results"/>
    <property name="user.home" value="C:\Users\jatus"/>
    <property name="user.language" value="en"/>
    <property name="java.specification.vendor" value="Oracle Corporation"/>
    <property name="java.home" value="C:\Program Files\Java\jdk1.8.0_301\jre"/>
    <property name="basedir" value="E:\Automation Projects\Java\AutomationPractice2"/>
    <property name="file.separator" value="\"/>
    <property name="line.separator" value="&#10;"/>
    <property name="java.vm.specification.vendor" value="Oracle Corporation"/>
    <property name="java.specification.name" value="Java Platform API Specification"/>
    <property name="java.awt.graphicsenv" value="sun.awt.Win32GraphicsEnvironment"/>
    <property name="surefire.real.class.path" value="C:\Users\jatus\AppData\Local\Temp\surefire8773176231869808924\surefirebooter4483508879053455170.jar;C:\Users\jatus\.m2\repository/org/aspectj/aspectjweaver/1.9.7/aspectjweaver-1.9.7.jar"/>
    <property name="sun.boot.class.path" value="C:\Program Files\Java\jdk1.8.0_301\jre\lib\resources.jar;C:\Program Files\Java\jdk1.8.0_301\jre\lib\rt.jar;C:\Program Files\Java\jdk1.8.0_301\jre\lib\sunrsasign.jar;C:\Program Files\Java\jdk1.8.0_301\jre\lib\jsse.jar;C:\Program Files\Java\jdk1.8.0_301\jre\lib\jce.jar;C:\Program Files\Java\jdk1.8.0_301\jre\lib\charsets.jar;C:\Program Files\Java\jdk1.8.0_301\jre\lib\jfr.jar;C:\Program Files\Java\jdk1.8.0_301\jre\classes"/>
    <property name="user.script" value=""/>
    <property name="sun.management.compiler" value="HotSpot 64-Bit Tiered Compilers"/>
    <property name="java.runtime.version" value="1.8.0_301-b09"/>
    <property name="user.name" value="jatus"/>
    <property name="path.separator" value=";"/>
    <property name="os.version" value="10.0"/>
    <property name="java.endorsed.dirs" value="C:\Program Files\Java\jdk1.8.0_301\jre\lib\endorsed"/>
    <property name="java.runtime.name" value="Java(TM) SE Runtime Environment"/>
    <property name="file.encoding" value="Cp1252"/>
    <property name="java.vm.name" value="Java HotSpot(TM) 64-Bit Server VM"/>
    <property name="localRepository" value="C:\Users\jatus\.m2\repository"/>
    <property name="java.vendor.url.bug" value="http://bugreport.sun.com/bugreport/"/>
    <property name="java.io.tmpdir" value="C:\Users\jatus\AppData\Local\Temp\"/>
    <property name="java.version" value="1.8.0_301"/>
    <property name="user.dir" value="E:\Automation Projects\Java\AutomationPractice2"/>
    <property name="os.arch" value="amd64"/>
    <property name="java.vm.specification.name" value="Java Virtual Machine Specification"/>
    <property name="java.awt.printerjob" value="sun.awt.windows.WPrinterJob"/>
    <property name="sun.os.patch.level" value=""/>
    <property name="java.library.path" value="C:\Program Files\Java\jdk1.8.0_301\jre\bin;C:\windows\Sun\Java\bin;C:\windows\system32;C:\windows;C:\Program Files\Common Files\Oracle\Java\javapath;C:\Program Files (x86)\Common Files\Oracle\Java\javapath;C:\windows\system32;C:\windows;C:\windows\System32\Wbem;C:\windows\System32\WindowsPowerShell\v1.0\;C:\windows\System32\OpenSSH\;C:\apache-maven-3.8.3\bin;C:\Program Files\nodejs\;C:\ProgramData\chocolatey\bin;E:\flutter_sdk\bin;E:\AndroidStudio\sdk-tools-windows-4333796;C:\Program Files\Java\jdk1.8.0_301\bin;C:\Program Files\Java\jre1.8.0_301;C:\Program Files\Java\jre1.8.0_301\bin;C:\Program Files\NVIDIA Corporation\NVIDIA NvDLISR;C:\Program Files (x86)\NVIDIA Corporation\PhysX\Common;C:\Program Files\Git\cmd;C:\Program Files\Git\bin;E:\AndroidStudio\sdk-tools-windows-4333796\platform-tools;C:\allure-2.17.2\bin;C:\Python39\Scripts;C:\Python39;C:\Program Files (x86)\GitExtensions\;C:\Program Files\PuTTY\;C:\Users\jatus\scoop\shims;C:\Users\jatus\AppData\Local\Microsoft\WindowsApps;;C:\Users\jatus\AppData\Local\Programs\Microsoft VS Code\bin;C:\Program Files\JetBrains\IntelliJ IDEA Community Edition 2021.2.3\bin;;C:\Users\jatus\AppData\Roaming\npm;C:\Program Files\JetBrains\PyCharm Community Edition 2021.2.3\bin;;C:\Program Files (x86)\Sophos\Sophos SSL VPN Client\bin;C:\Program Files\heroku\bin;."/>
    <property name="java.vm.info" value="mixed mode"/>
    <property name="java.vendor" value="Oracle Corporation"/>
    <property name="java.vm.version" value="25.301-b09"/>
    <property name="java.ext.dirs" value="C:\Program Files\Java\jdk1.8.0_301\jre\lib\ext;C:\windows\Sun\Java\lib\ext"/>
    <property name="sun.io.unicode.encoding" value="UnicodeLittle"/>
    <property name="java.class.version" value="52.0"/>
    <property name="current.date.time" value="05-05-2022-11-25-21"/>
  </properties>
  <testcase name="TC01_LoginWithValidUsernameAndValidPassword" classname="TestCases.LoginTest" time="6.574">
    <system-out><![CDATA[05-05-2022 11:25:41 INFO [Log]: =================================================================
05-05-2022 11:25:41 INFO [Log]: TEST STARTED # 0 - Login with valid username and valid password
05-05-2022 11:25:41 INFO [Log]: =================================================================
05-05-2022 11:25:45 INFO [Log]: Select My Account menu.
05-05-2022 11:25:45 INFO [Log]: # Verifying element visibility.
05-05-2022 11:25:45 INFO [Log]: Verify login page is displayed.
05-05-2022 11:25:45 INFO [Log]: Entered login email: 'test0210@0210.com'
05-05-2022 11:25:45 INFO [Log]: Entered login password: 'Bot@d364710'
05-05-2022 11:25:48 INFO [Log]: Clicked on login button.
05-05-2022 11:25:48 INFO [Log]: Verify 'test0210@0210.com' logged in successfully.
]]></system-out>
    <system-err><![CDATA[SLF4J: Failed to load class "org.slf4j.impl.StaticLoggerBinder".
SLF4J: Defaulting to no-operation (NOP) logger implementation
SLF4J: See http://www.slf4j.org/codes.html#StaticLoggerBinder for further details.
Starting ChromeDriver 100.0.4896.60 (6a5d10861ce8de5fce22564658033b43cb7de047-refs/branch-heads/4896@{#875}) on port 57379
Only local connections are allowed.
Please see https://chromedriver.chromium.org/security-considerations for suggestions on keeping ChromeDriver safe.
ChromeDriver was started successfully.
May 05, 2022 11:25:30 AM org.openqa.selenium.remote.ProtocolHandshake createSession
INFO: Detected dialect: W3C
May 05, 2022 11:25:31 AM org.openqa.selenium.devtools.CdpVersionFinder findNearestMatch
WARNING: Unable to find an exact match for CDP version 100, so returning the closest version found: 99
May 05, 2022 11:25:31 AM org.openqa.selenium.devtools.CdpVersionFinder findNearestMatch
INFO: Found CDP implementation for version 100 of 99
]]></system-err>
  </testcase>
  <testcase name="TC02_LoginWithInvalidUsernameAndInvalidPassword" classname="TestCases.LoginTest" time="5.783">
    <system-out><![CDATA[05-05-2022 11:25:49 INFO [Log]: =================================================================
05-05-2022 11:25:49 INFO [Log]: TEST COMPLETED # 0 - Login with valid username and valid password
05-05-2022 11:25:49 INFO [Log]: =================================================================
05-05-2022 11:26:02 INFO [Log]: =================================================================
05-05-2022 11:26:02 INFO [Log]: TEST STARTED # 0 - Login with invalid username and invalid password
05-05-2022 11:26:02 INFO [Log]: =================================================================
05-05-2022 11:26:05 INFO [Log]: Select My Account menu.
05-05-2022 11:26:05 INFO [Log]: # Verifying element visibility.
05-05-2022 11:26:05 INFO [Log]: Verify login page is displayed.
05-05-2022 11:26:06 INFO [Log]: Entered login email: 'joey.lindgren@gmail.com'
05-05-2022 11:26:06 INFO [Log]: Entered login password: '725805FA'
05-05-2022 11:26:08 INFO [Log]: Clicked on login button.
05-05-2022 11:26:08 INFO [Log]: # Verifying element visibility.
05-05-2022 11:26:08 INFO [Log]: Verify login failed error message is displayed. 'A user could not be found with this email address.'.
]]></system-out>
    <system-err><![CDATA[Starting ChromeDriver 100.0.4896.60 (6a5d10861ce8de5fce22564658033b43cb7de047-refs/branch-heads/4896@{#875}) on port 55640
Only local connections are allowed.
Please see https://chromedriver.chromium.org/security-considerations for suggestions on keeping ChromeDriver safe.
ChromeDriver was started successfully.
May 05, 2022 11:25:50 AM org.openqa.selenium.remote.ProtocolHandshake createSession
INFO: Detected dialect: W3C
May 05, 2022 11:25:50 AM org.openqa.selenium.devtools.CdpVersionFinder findNearestMatch
WARNING: Unable to find an exact match for CDP version 100, so returning the closest version found: 99
May 05, 2022 11:25:50 AM org.openqa.selenium.devtools.CdpVersionFinder findNearestMatch
INFO: Found CDP implementation for version 100 of 99
]]></system-err>
  </testcase>
  <testcase name="TC03_LoginWithValidUsernameAndEmptyPassword" classname="TestCases.LoginTest" time="5.943">
    <system-out><![CDATA[05-05-2022 11:26:09 INFO [Log]: =================================================================
05-05-2022 11:26:09 INFO [Log]: TEST COMPLETED # 0 - Login with invalid username and invalid password
05-05-2022 11:26:09 INFO [Log]: =================================================================
05-05-2022 11:26:16 INFO [Log]: =================================================================
05-05-2022 11:26:16 INFO [Log]: TEST STARTED # 0 - Login with valid username and empty password
05-05-2022 11:26:16 INFO [Log]: =================================================================
05-05-2022 11:26:20 INFO [Log]: Select My Account menu.
05-05-2022 11:26:20 INFO [Log]: # Verifying element visibility.
05-05-2022 11:26:20 INFO [Log]: Verify login page is displayed.
05-05-2022 11:26:20 INFO [Log]: Entered login email: 'test0210@0210.com'
05-05-2022 11:26:20 INFO [Log]: Entered login password: ''
05-05-2022 11:26:22 INFO [Log]: Clicked on login button.
05-05-2022 11:26:22 INFO [Log]: # Verifying element visibility.
05-05-2022 11:26:22 INFO [Log]: Verify login failed error message is displayed. 'Password is required.'.
]]></system-out>
    <system-err><![CDATA[Starting ChromeDriver 100.0.4896.60 (6a5d10861ce8de5fce22564658033b43cb7de047-refs/branch-heads/4896@{#875}) on port 51956
Only local connections are allowed.
Please see https://chromedriver.chromium.org/security-considerations for suggestions on keeping ChromeDriver safe.
ChromeDriver was started successfully.
May 05, 2022 11:26:10 AM org.openqa.selenium.remote.ProtocolHandshake createSession
INFO: Detected dialect: W3C
May 05, 2022 11:26:10 AM org.openqa.selenium.devtools.CdpVersionFinder findNearestMatch
WARNING: Unable to find an exact match for CDP version 100, so returning the closest version found: 99
May 05, 2022 11:26:10 AM org.openqa.selenium.devtools.CdpVersionFinder findNearestMatch
INFO: Found CDP implementation for version 100 of 99
]]></system-err>
  </testcase>
  <testcase name="TC04_LoginWithEmptyUsernameAndValidPassword" classname="TestCases.LoginTest" time="6.143">
    <system-out><![CDATA[05-05-2022 11:26:23 INFO [Log]: =================================================================
05-05-2022 11:26:23 INFO [Log]: TEST COMPLETED # 0 - Login with valid username and empty password
05-05-2022 11:26:23 INFO [Log]: =================================================================
05-05-2022 11:26:38 INFO [Log]: =================================================================
05-05-2022 11:26:38 INFO [Log]: TEST STARTED # 0 - Login with empty username and valid password
05-05-2022 11:26:38 INFO [Log]: =================================================================
05-05-2022 11:26:42 INFO [Log]: Select My Account menu.
05-05-2022 11:26:42 INFO [Log]: # Verifying element visibility.
05-05-2022 11:26:42 INFO [Log]: Verify login page is displayed.
05-05-2022 11:26:42 INFO [Log]: Entered login email: ''
05-05-2022 11:26:42 INFO [Log]: Entered login password: 'Bot@d364710'
05-05-2022 11:26:44 INFO [Log]: Clicked on login button.
05-05-2022 11:26:44 INFO [Log]: # Verifying element visibility.
05-05-2022 11:26:44 INFO [Log]: Verify login failed error message is displayed. 'Username is required.'.
]]></system-out>
    <system-err><![CDATA[Starting ChromeDriver 100.0.4896.60 (6a5d10861ce8de5fce22564658033b43cb7de047-refs/branch-heads/4896@{#875}) on port 52504
Only local connections are allowed.
Please see https://chromedriver.chromium.org/security-considerations for suggestions on keeping ChromeDriver safe.
ChromeDriver was started successfully.
May 05, 2022 11:26:24 AM org.openqa.selenium.remote.ProtocolHandshake createSession
INFO: Detected dialect: W3C
May 05, 2022 11:26:24 AM org.openqa.selenium.devtools.CdpVersionFinder findNearestMatch
WARNING: Unable to find an exact match for CDP version 100, so returning the closest version found: 99
May 05, 2022 11:26:24 AM org.openqa.selenium.devtools.CdpVersionFinder findNearestMatch
INFO: Found CDP implementation for version 100 of 99
]]></system-err>
  </testcase>
  <testcase name="TC05_LoginWithEmptyUsernameAndEmptyPassword" classname="TestCases.LoginTest" time="7.37">
    <system-out><![CDATA[05-05-2022 11:26:45 INFO [Log]: =================================================================
05-05-2022 11:26:45 INFO [Log]: TEST COMPLETED # 0 - Login with empty username and valid password
05-05-2022 11:26:45 INFO [Log]: =================================================================
05-05-2022 11:27:27 INFO [Log]: =================================================================
05-05-2022 11:27:27 INFO [Log]: TEST STARTED # 0 - Login with empty username and empty password
05-05-2022 11:27:27 INFO [Log]: =================================================================
05-05-2022 11:27:33 INFO [Log]: Select My Account menu.
05-05-2022 11:27:33 INFO [Log]: # Verifying element visibility.
05-05-2022 11:27:33 INFO [Log]: Verify login page is displayed.
05-05-2022 11:27:33 INFO [Log]: Entered login email: ''
05-05-2022 11:27:33 INFO [Log]: Entered login password: ''
05-05-2022 11:27:34 INFO [Log]: Clicked on login button.
05-05-2022 11:27:34 INFO [Log]: # Verifying element visibility.
05-05-2022 11:27:34 INFO [Log]: Verify login failed error message is displayed. 'Username is required.'.
]]></system-out>
    <system-err><![CDATA[Starting ChromeDriver 100.0.4896.60 (6a5d10861ce8de5fce22564658033b43cb7de047-refs/branch-heads/4896@{#875}) on port 65364
Only local connections are allowed.
Please see https://chromedriver.chromium.org/security-considerations for suggestions on keeping ChromeDriver safe.
ChromeDriver was started successfully.
May 05, 2022 11:26:46 AM org.openqa.selenium.remote.ProtocolHandshake createSession
INFO: Detected dialect: W3C
May 05, 2022 11:26:46 AM org.openqa.selenium.devtools.CdpVersionFinder findNearestMatch
WARNING: Unable to find an exact match for CDP version 100, so returning the closest version found: 99
May 05, 2022 11:26:46 AM org.openqa.selenium.devtools.CdpVersionFinder findNearestMatch
INFO: Found CDP implementation for version 100 of 99
]]></system-err>
  </testcase>
  <testcase name="TC06_LoginPasswordShouldBeMasked" classname="TestCases.LoginTest" time="3.964">
    <system-out><![CDATA[05-05-2022 11:27:35 INFO [Log]: =================================================================
05-05-2022 11:27:35 INFO [Log]: TEST COMPLETED # 0 - Login with empty username and empty password
05-05-2022 11:27:35 INFO [Log]: =================================================================
05-05-2022 11:27:56 INFO [Log]: =================================================================
05-05-2022 11:27:56 INFO [Log]: TEST STARTED # 0 - Login password should be masked.
05-05-2022 11:27:56 INFO [Log]: =================================================================
05-05-2022 11:28:00 INFO [Log]: Select My Account menu.
05-05-2022 11:28:00 INFO [Log]: # Verifying element visibility.
05-05-2022 11:28:00 INFO [Log]: Verify login page is displayed.
05-05-2022 11:28:00 INFO [Log]: Entered login password: 'Bot@d364710'
05-05-2022 11:28:00 INFO [Log]: Verify password is masked.
]]></system-out>
    <system-err><![CDATA[Starting ChromeDriver 100.0.4896.60 (6a5d10861ce8de5fce22564658033b43cb7de047-refs/branch-heads/4896@{#875}) on port 50092
Only local connections are allowed.
Please see https://chromedriver.chromium.org/security-considerations for suggestions on keeping ChromeDriver safe.
ChromeDriver was started successfully.
May 05, 2022 11:27:36 AM org.openqa.selenium.remote.ProtocolHandshake createSession
INFO: Detected dialect: W3C
May 05, 2022 11:27:36 AM org.openqa.selenium.devtools.CdpVersionFinder findNearestMatch
WARNING: Unable to find an exact match for CDP version 100, so returning the closest version found: 99
May 05, 2022 11:27:36 AM org.openqa.selenium.devtools.CdpVersionFinder findNearestMatch
INFO: Found CDP implementation for version 100 of 99
]]></system-err>
  </testcase>
  <testcase name="TC07_LoginHandlesCaseSensitive" classname="TestCases.LoginTest" time="5.795">
    <system-out><![CDATA[05-05-2022 11:28:01 INFO [Log]: =================================================================
05-05-2022 11:28:01 INFO [Log]: TEST COMPLETED # 0 - Login password should be masked.
05-05-2022 11:28:01 INFO [Log]: =================================================================
05-05-2022 11:28:11 INFO [Log]: =================================================================
05-05-2022 11:28:11 INFO [Log]: TEST STARTED # 0 - Login handles case sensitive.
05-05-2022 11:28:11 INFO [Log]: =================================================================
05-05-2022 11:28:15 INFO [Log]: Select My Account menu.
05-05-2022 11:28:15 INFO [Log]: # Verifying element visibility.
05-05-2022 11:28:15 INFO [Log]: Verify login page is displayed.
05-05-2022 11:28:15 INFO [Log]: Entered login email: 'TEST0210@0210.COM'
05-05-2022 11:28:15 INFO [Log]: Entered login password: 'BOT@D364710'
05-05-2022 11:28:17 INFO [Log]: Clicked on login button.
05-05-2022 11:28:17 INFO [Log]: # Verifying element visibility.
05-05-2022 11:28:17 INFO [Log]: Verify login failed error message is displayed. 'The password you entered for the username TEST0210@0210.COM is incorrect.'.
]]></system-out>
    <system-err><![CDATA[Starting ChromeDriver 100.0.4896.60 (6a5d10861ce8de5fce22564658033b43cb7de047-refs/branch-heads/4896@{#875}) on port 61358
Only local connections are allowed.
Please see https://chromedriver.chromium.org/security-considerations for suggestions on keeping ChromeDriver safe.
ChromeDriver was started successfully.
May 05, 2022 11:28:02 AM org.openqa.selenium.remote.ProtocolHandshake createSession
INFO: Detected dialect: W3C
May 05, 2022 11:28:02 AM org.openqa.selenium.devtools.CdpVersionFinder findNearestMatch
WARNING: Unable to find an exact match for CDP version 100, so returning the closest version found: 99
May 05, 2022 11:28:02 AM org.openqa.selenium.devtools.CdpVersionFinder findNearestMatch
INFO: Found CDP implementation for version 100 of 99
]]></system-err>
  </testcase>
  <testcase name="TC08_LoginAuthentication" classname="TestCases.LoginTest" time="10.93">
    <system-out><![CDATA[05-05-2022 11:28:18 INFO [Log]: =================================================================
05-05-2022 11:28:18 INFO [Log]: TEST COMPLETED # 0 - Login handles case sensitive.
05-05-2022 11:28:18 INFO [Log]: =================================================================
05-05-2022 11:28:31 INFO [Log]: =================================================================
05-05-2022 11:28:31 INFO [Log]: TEST STARTED # 0 - Login authentication.
05-05-2022 11:28:31 INFO [Log]: =================================================================
05-05-2022 11:28:34 INFO [Log]: Select My Account menu.
05-05-2022 11:28:34 INFO [Log]: # Verifying element visibility.
05-05-2022 11:28:34 INFO [Log]: Verify login page is displayed.
05-05-2022 11:28:35 INFO [Log]: Entered login email: 'test0210@0210.com'
05-05-2022 11:28:35 INFO [Log]: Entered login password: 'Bot@d364710'
05-05-2022 11:28:37 INFO [Log]: Clicked on login button.
05-05-2022 11:28:37 INFO [Log]: Verify 'test0210@0210.com' logged in successfully.
05-05-2022 11:28:40 INFO [Log]: Click on sign out link.
05-05-2022 11:28:40 INFO [Log]: # Verifying element visibility.
05-05-2022 11:28:40 INFO [Log]: Verify login page is displayed.
05-05-2022 11:28:42 INFO [Log]: Back button pressed.
05-05-2022 11:28:42 INFO [Log]: # Verifying element visibility.
05-05-2022 11:28:42 INFO [Log]: Verify login page is displayed.
]]></system-out>
    <system-err><![CDATA[Starting ChromeDriver 100.0.4896.60 (6a5d10861ce8de5fce22564658033b43cb7de047-refs/branch-heads/4896@{#875}) on port 58008
Only local connections are allowed.
Please see https://chromedriver.chromium.org/security-considerations for suggestions on keeping ChromeDriver safe.
ChromeDriver was started successfully.
May 05, 2022 11:28:19 AM org.openqa.selenium.remote.ProtocolHandshake createSession
INFO: Detected dialect: W3C
May 05, 2022 11:28:19 AM org.openqa.selenium.devtools.CdpVersionFinder findNearestMatch
WARNING: Unable to find an exact match for CDP version 100, so returning the closest version found: 99
May 05, 2022 11:28:19 AM org.openqa.selenium.devtools.CdpVersionFinder findNearestMatch
INFO: Found CDP implementation for version 100 of 99
]]></system-err>
  </testcase>
  <testcase name="TC01_RegistrationWithValidEmailAndValidPassword" classname="TestCases.RegisterTest" time="7.137">
    <system-out><![CDATA[05-05-2022 11:28:42 INFO [Log]: =================================================================
05-05-2022 11:28:42 INFO [Log]: TEST COMPLETED # 0 - Login authentication.
05-05-2022 11:28:42 INFO [Log]: =================================================================
05-05-2022 11:29:05 INFO [Log]: =================================================================
05-05-2022 11:29:05 INFO [Log]: TEST STARTED # 0 - Registration with valid email and valid password
05-05-2022 11:29:05 INFO [Log]: =================================================================
05-05-2022 11:29:09 INFO [Log]: Select My Account menu.
05-05-2022 11:29:09 INFO [Log]: # Verifying element visibility.
05-05-2022 11:29:09 INFO [Log]: Verify login page is displayed.
05-05-2022 11:29:09 INFO [Log]: Entered register email: 'josefine.larson@gmail.com'
05-05-2022 11:29:09 INFO [Log]: Entered register password: '177432477F2CC028'
05-05-2022 11:29:12 INFO [Log]: Clicked on register button.
05-05-2022 11:29:12 INFO [Log]: Verify 'josefine.larson@gmail.com' logged in successfully.
]]></system-out>
    <system-err><![CDATA[Starting ChromeDriver 100.0.4896.60 (6a5d10861ce8de5fce22564658033b43cb7de047-refs/branch-heads/4896@{#875}) on port 61930
Only local connections are allowed.
Please see https://chromedriver.chromium.org/security-considerations for suggestions on keeping ChromeDriver safe.
ChromeDriver was started successfully.
May 05, 2022 11:28:43 AM org.openqa.selenium.remote.ProtocolHandshake createSession
INFO: Detected dialect: W3C
May 05, 2022 11:28:43 AM org.openqa.selenium.devtools.CdpVersionFinder findNearestMatch
WARNING: Unable to find an exact match for CDP version 100, so returning the closest version found: 99
May 05, 2022 11:28:43 AM org.openqa.selenium.devtools.CdpVersionFinder findNearestMatch
INFO: Found CDP implementation for version 100 of 99
]]></system-err>
  </testcase>
  <testcase name="TC02_RegistrationWithInvalidEmailAndValidPassword" classname="TestCases.RegisterTest" time="6.768">
    <system-out><![CDATA[05-05-2022 11:29:13 INFO [Log]: =================================================================
05-05-2022 11:29:13 INFO [Log]: TEST COMPLETED # 0 - Registration with valid email and valid password
05-05-2022 11:29:13 INFO [Log]: =================================================================
05-05-2022 11:29:24 INFO [Log]: =================================================================
05-05-2022 11:29:24 INFO [Log]: TEST STARTED # 0 - Registration with invalid email and valid password
05-05-2022 11:29:24 INFO [Log]: =================================================================
05-05-2022 11:29:27 INFO [Log]: Select My Account menu.
05-05-2022 11:29:27 INFO [Log]: # Verifying element visibility.
05-05-2022 11:29:27 INFO [Log]: Verify login page is displayed.
05-05-2022 11:29:27 INFO [Log]: Entered register email: '8DCA4@735C7'
05-05-2022 11:29:27 INFO [Log]: Entered register password: '782BE6EA24C72BC7'
05-05-2022 11:29:30 INFO [Log]: Clicked on register button.
05-05-2022 11:29:30 INFO [Log]: # Verifying element visibility.
05-05-2022 11:29:31 INFO [Log]: Verify login failed error message is displayed. 'Please provide a valid email address.'.
]]></system-out>
    <system-err><![CDATA[Starting ChromeDriver 100.0.4896.60 (6a5d10861ce8de5fce22564658033b43cb7de047-refs/branch-heads/4896@{#875}) on port 57916
Only local connections are allowed.
Please see https://chromedriver.chromium.org/security-considerations for suggestions on keeping ChromeDriver safe.
ChromeDriver was started successfully.
May 05, 2022 11:29:14 AM org.openqa.selenium.remote.ProtocolHandshake createSession
INFO: Detected dialect: W3C
May 05, 2022 11:29:14 AM org.openqa.selenium.devtools.CdpVersionFinder findNearestMatch
WARNING: Unable to find an exact match for CDP version 100, so returning the closest version found: 99
May 05, 2022 11:29:14 AM org.openqa.selenium.devtools.CdpVersionFinder findNearestMatch
INFO: Found CDP implementation for version 100 of 99
]]></system-err>
  </testcase>
  <testcase name="TC03_RegistrationWithEmptyEmailAndValidPassword" classname="TestCases.RegisterTest" time="6.936">
    <system-out><![CDATA[05-05-2022 11:29:31 INFO [Log]: =================================================================
05-05-2022 11:29:31 INFO [Log]: TEST COMPLETED # 0 - Registration with invalid email and valid password
05-05-2022 11:29:31 INFO [Log]: =================================================================
05-05-2022 11:29:39 INFO [Log]: =================================================================
05-05-2022 11:29:39 INFO [Log]: TEST STARTED # 0 - Registration with empty email and valid password
05-05-2022 11:29:39 INFO [Log]: =================================================================
05-05-2022 11:29:44 INFO [Log]: Select My Account menu.
05-05-2022 11:29:44 INFO [Log]: # Verifying element visibility.
05-05-2022 11:29:44 INFO [Log]: Verify login page is displayed.
05-05-2022 11:29:44 INFO [Log]: Entered register email: ''
05-05-2022 11:29:44 INFO [Log]: Entered register password: '9C8ABEF6055DB24C'
05-05-2022 11:29:46 INFO [Log]: Clicked on register button.
05-05-2022 11:29:46 INFO [Log]: # Verifying element visibility.
05-05-2022 11:29:46 INFO [Log]: Verify login failed error message is displayed. 'Please provide a valid email address.'.
]]></system-out>
    <system-err><![CDATA[Starting ChromeDriver 100.0.4896.60 (6a5d10861ce8de5fce22564658033b43cb7de047-refs/branch-heads/4896@{#875}) on port 62910
Only local connections are allowed.
Please see https://chromedriver.chromium.org/security-considerations for suggestions on keeping ChromeDriver safe.
ChromeDriver was started successfully.
May 05, 2022 11:29:32 AM org.openqa.selenium.remote.ProtocolHandshake createSession
INFO: Detected dialect: W3C
May 05, 2022 11:29:32 AM org.openqa.selenium.devtools.CdpVersionFinder findNearestMatch
WARNING: Unable to find an exact match for CDP version 100, so returning the closest version found: 99
May 05, 2022 11:29:32 AM org.openqa.selenium.devtools.CdpVersionFinder findNearestMatch
INFO: Found CDP implementation for version 100 of 99
]]></system-err>
  </testcase>
  <testcase name="TC04_RegistrationWithValidEmailAndEmptyPassword" classname="TestCases.RegisterTest" time="6.377">
    <system-out><![CDATA[05-05-2022 11:29:46 INFO [Log]: =================================================================
05-05-2022 11:29:46 INFO [Log]: TEST COMPLETED # 0 - Registration with empty email and valid password
05-05-2022 11:29:46 INFO [Log]: =================================================================
05-05-2022 11:29:56 INFO [Log]: =================================================================
05-05-2022 11:29:56 INFO [Log]: TEST STARTED # 0 - Registration with valid email and empty password
05-05-2022 11:29:56 INFO [Log]: =================================================================
05-05-2022 11:30:00 INFO [Log]: Select My Account menu.
05-05-2022 11:30:00 INFO [Log]: # Verifying element visibility.
05-05-2022 11:30:00 INFO [Log]: Verify login page is displayed.
05-05-2022 11:30:00 INFO [Log]: Entered register email: 'marget.boyer@gmail.com'
05-05-2022 11:30:00 INFO [Log]: Entered register password: ''
05-05-2022 11:30:02 INFO [Log]: Clicked on register button.
05-05-2022 11:30:02 INFO [Log]: # Verifying element visibility.
05-05-2022 11:30:02 INFO [Log]: Verify login failed error message is displayed. 'Please enter an account password.'.
]]></system-out>
    <system-err><![CDATA[Starting ChromeDriver 100.0.4896.60 (6a5d10861ce8de5fce22564658033b43cb7de047-refs/branch-heads/4896@{#875}) on port 56707
Only local connections are allowed.
Please see https://chromedriver.chromium.org/security-considerations for suggestions on keeping ChromeDriver safe.
ChromeDriver was started successfully.
May 05, 2022 11:29:47 AM org.openqa.selenium.remote.ProtocolHandshake createSession
INFO: Detected dialect: W3C
May 05, 2022 11:29:47 AM org.openqa.selenium.devtools.CdpVersionFinder findNearestMatch
WARNING: Unable to find an exact match for CDP version 100, so returning the closest version found: 99
May 05, 2022 11:29:47 AM org.openqa.selenium.devtools.CdpVersionFinder findNearestMatch
INFO: Found CDP implementation for version 100 of 99
]]></system-err>
  </testcase>
  <testcase name="TC05_RegistrationWithEmptyEmailAndEmptyPassword" classname="TestCases.RegisterTest" time="6.194">
    <system-out><![CDATA[05-05-2022 11:30:03 INFO [Log]: =================================================================
05-05-2022 11:30:03 INFO [Log]: TEST COMPLETED # 0 - Registration with valid email and empty password
05-05-2022 11:30:03 INFO [Log]: =================================================================
05-05-2022 11:30:43 INFO [Log]: =================================================================
05-05-2022 11:30:43 INFO [Log]: TEST STARTED # 0 - Registration with empty email and empty password
05-05-2022 11:30:43 INFO [Log]: =================================================================
05-05-2022 11:30:46 INFO [Log]: Select My Account menu.
05-05-2022 11:30:46 INFO [Log]: # Verifying element visibility.
05-05-2022 11:30:46 INFO [Log]: Verify login page is displayed.
05-05-2022 11:30:47 INFO [Log]: Entered register email: ''
05-05-2022 11:30:47 INFO [Log]: Entered register password: ''
05-05-2022 11:30:49 INFO [Log]: Clicked on register button.
05-05-2022 11:30:49 INFO [Log]: # Verifying element visibility.
05-05-2022 11:30:49 INFO [Log]: Verify login failed error message is displayed. 'Please provide a valid email address.'.
]]></system-out>
    <system-err><![CDATA[Starting ChromeDriver 100.0.4896.60 (6a5d10861ce8de5fce22564658033b43cb7de047-refs/branch-heads/4896@{#875}) on port 57153
Only local connections are allowed.
Please see https://chromedriver.chromium.org/security-considerations for suggestions on keeping ChromeDriver safe.
ChromeDriver was started successfully.
May 05, 2022 11:30:04 AM org.openqa.selenium.remote.ProtocolHandshake createSession
INFO: Detected dialect: W3C
May 05, 2022 11:30:04 AM org.openqa.selenium.devtools.CdpVersionFinder findNearestMatch
WARNING: Unable to find an exact match for CDP version 100, so returning the closest version found: 99
May 05, 2022 11:30:04 AM org.openqa.selenium.devtools.CdpVersionFinder findNearestMatch
INFO: Found CDP implementation for version 100 of 99
]]></system-err>
  </testcase>
  <testcase name="TC01_ShopFilterByPriceFunctionality" classname="TestCases.ShopTest" time="81.225">
    <system-out><![CDATA[05-05-2022 11:30:49 INFO [Log]: =================================================================
05-05-2022 11:30:49 INFO [Log]: TEST COMPLETED # 0 - Registration with empty email and empty password
05-05-2022 11:30:49 INFO [Log]: =================================================================
05-05-2022 11:31:03 INFO [Log]: =================================================================
05-05-2022 11:31:03 INFO [Log]: TEST STARTED # 0 - Shop filter by price functionality.
05-05-2022 11:31:03 INFO [Log]: =================================================================
05-05-2022 11:31:07 INFO [Log]: Select Shop menu.
05-05-2022 11:31:07 INFO [Log]: Set minimum filter price to '150'.
05-05-2022 11:31:21 INFO [Log]: Set maximum filter price to '450'.
05-05-2022 11:31:28 INFO [Log]: Click on filter button.
05-05-2022 11:32:25 INFO [Log]: Verify filter price is applied.
]]></system-out>
    <system-err><![CDATA[Starting ChromeDriver 100.0.4896.60 (6a5d10861ce8de5fce22564658033b43cb7de047-refs/branch-heads/4896@{#875}) on port 60165
Only local connections are allowed.
Please see https://chromedriver.chromium.org/security-considerations for suggestions on keeping ChromeDriver safe.
ChromeDriver was started successfully.
May 05, 2022 11:30:50 AM org.openqa.selenium.remote.ProtocolHandshake createSession
INFO: Detected dialect: W3C
May 05, 2022 11:30:50 AM org.openqa.selenium.devtools.CdpVersionFinder findNearestMatch
WARNING: Unable to find an exact match for CDP version 100, so returning the closest version found: 99
May 05, 2022 11:30:50 AM org.openqa.selenium.devtools.CdpVersionFinder findNearestMatch
INFO: Found CDP implementation for version 100 of 99
]]></system-err>
  </testcase>
  <testcase name="TC02_ShopProductCategoriesFunctionality" classname="TestCases.ShopTest" time="68.894">
    <system-out><![CDATA[05-05-2022 11:32:25 INFO [Log]: =================================================================
05-05-2022 11:32:25 INFO [Log]: TEST COMPLETED # 0 - Shop filter by price functionality.
05-05-2022 11:32:25 INFO [Log]: =================================================================
05-05-2022 11:32:54 INFO [Log]: =================================================================
05-05-2022 11:32:54 INFO [Log]: TEST STARTED # 0 - Shop product categories functionality.
05-05-2022 11:32:54 INFO [Log]: =================================================================
05-05-2022 11:32:59 INFO [Log]: Select Shop menu.
05-05-2022 11:34:03 INFO [Log]: # Verifying element visibility.
05-05-2022 11:34:03 INFO [Log]: Verify product page is displayed.
05-05-2022 11:34:03 INFO [Log]: Verify product title is 'Thinking in HTML'
]]></system-out>
    <system-err><![CDATA[Starting ChromeDriver 100.0.4896.60 (6a5d10861ce8de5fce22564658033b43cb7de047-refs/branch-heads/4896@{#875}) on port 51913
Only local connections are allowed.
Please see https://chromedriver.chromium.org/security-considerations for suggestions on keeping ChromeDriver safe.
ChromeDriver was started successfully.
May 05, 2022 11:32:26 AM org.openqa.selenium.remote.ProtocolHandshake createSession
INFO: Detected dialect: W3C
May 05, 2022 11:32:26 AM org.openqa.selenium.devtools.CdpVersionFinder findNearestMatch
WARNING: Unable to find an exact match for CDP version 100, so returning the closest version found: 99
May 05, 2022 11:32:26 AM org.openqa.selenium.devtools.CdpVersionFinder findNearestMatch
INFO: Found CDP implementation for version 100 of 99
]]></system-err>
  </testcase>
  <testcase name="TC03_ShopSortOrderByNewnessFunctionality" classname="TestCases.ShopTest" time="66.38">
    <system-out><![CDATA[05-05-2022 11:34:04 INFO [Log]: =================================================================
05-05-2022 11:34:04 INFO [Log]: TEST COMPLETED # 0 - Shop product categories functionality.
05-05-2022 11:34:04 INFO [Log]: =================================================================
05-05-2022 11:34:12 INFO [Log]: =================================================================
05-05-2022 11:34:12 INFO [Log]: TEST STARTED # 0 - Shop sort order by newness functionality.
05-05-2022 11:34:12 INFO [Log]: =================================================================
05-05-2022 11:34:16 INFO [Log]: Select Shop menu.
05-05-2022 11:34:17 INFO [Log]: Select sort order by 'Sort by newness'
05-05-2022 11:34:17 INFO [Log]: Verify selected sorting order is 'Sort by newness'
05-05-2022 11:35:18 INFO [Log]: Verify products is sort by newness.
]]></system-out>
    <system-err><![CDATA[Starting ChromeDriver 100.0.4896.60 (6a5d10861ce8de5fce22564658033b43cb7de047-refs/branch-heads/4896@{#875}) on port 49487
Only local connections are allowed.
Please see https://chromedriver.chromium.org/security-considerations for suggestions on keeping ChromeDriver safe.
ChromeDriver was started successfully.
May 05, 2022 11:34:05 AM org.openqa.selenium.remote.ProtocolHandshake createSession
INFO: Detected dialect: W3C
May 05, 2022 11:34:05 AM org.openqa.selenium.devtools.CdpVersionFinder findNearestMatch
WARNING: Unable to find an exact match for CDP version 100, so returning the closest version found: 99
May 05, 2022 11:34:05 AM org.openqa.selenium.devtools.CdpVersionFinder findNearestMatch
INFO: Found CDP implementation for version 100 of 99
]]></system-err>
  </testcase>
  <testcase name="TC04_ShopSortOrderByPriceLowToHighFunctionality" classname="TestCases.ShopTest" time="70.093">
    <system-out><![CDATA[05-05-2022 11:35:19 INFO [Log]: =================================================================
05-05-2022 11:35:19 INFO [Log]: TEST COMPLETED # 0 - Shop sort order by newness functionality.
05-05-2022 11:35:19 INFO [Log]: =================================================================
05-05-2022 11:35:42 INFO [Log]: =================================================================
05-05-2022 11:35:42 INFO [Log]: TEST STARTED # 0 - Shop sort order by price: low to high functionality.
05-05-2022 11:35:42 INFO [Log]: =================================================================
05-05-2022 11:35:47 INFO [Log]: Select Shop menu.
05-05-2022 11:35:51 INFO [Log]: Select sort order by 'Sort by price: low to high'
05-05-2022 11:35:51 INFO [Log]: Verify selected sorting order is 'Sort by price: low to high'
05-05-2022 11:36:52 INFO [Log]: Verify products is sort by price: low to high.
]]></system-out>
    <system-err><![CDATA[Starting ChromeDriver 100.0.4896.60 (6a5d10861ce8de5fce22564658033b43cb7de047-refs/branch-heads/4896@{#875}) on port 56310
Only local connections are allowed.
Please see https://chromedriver.chromium.org/security-considerations for suggestions on keeping ChromeDriver safe.
ChromeDriver was started successfully.
May 05, 2022 11:35:20 AM org.openqa.selenium.remote.ProtocolHandshake createSession
INFO: Detected dialect: W3C
May 05, 2022 11:35:20 AM org.openqa.selenium.devtools.CdpVersionFinder findNearestMatch
WARNING: Unable to find an exact match for CDP version 100, so returning the closest version found: 99
May 05, 2022 11:35:20 AM org.openqa.selenium.devtools.CdpVersionFinder findNearestMatch
INFO: Found CDP implementation for version 100 of 99
]]></system-err>
  </testcase>
  <testcase name="TC05_ShopSortOrderByPriceHighToLowFunctionality" classname="TestCases.ShopTest" time="67.95">
    <system-out><![CDATA[05-05-2022 11:36:53 INFO [Log]: =================================================================
05-05-2022 11:36:53 INFO [Log]: TEST COMPLETED # 0 - Shop sort order by price: low to high functionality.
05-05-2022 11:36:53 INFO [Log]: =================================================================
05-05-2022 11:37:10 INFO [Log]: =================================================================
05-05-2022 11:37:10 INFO [Log]: TEST STARTED # 0 - Shop sort order by price: high to low functionality.
05-05-2022 11:37:10 INFO [Log]: =================================================================
05-05-2022 11:37:13 INFO [Log]: Select Shop menu.
05-05-2022 11:37:16 INFO [Log]: Select sort order by 'Sort by price: high to low'
05-05-2022 11:37:16 INFO [Log]: Verify selected sorting order is 'Sort by price: high to low'
05-05-2022 11:38:18 INFO [Log]: Verify products is sort by price: high to low.
]]></system-out>
    <system-err><![CDATA[Starting ChromeDriver 100.0.4896.60 (6a5d10861ce8de5fce22564658033b43cb7de047-refs/branch-heads/4896@{#875}) on port 63834
Only local connections are allowed.
Please see https://chromedriver.chromium.org/security-considerations for suggestions on keeping ChromeDriver safe.
ChromeDriver was started successfully.
May 05, 2022 11:36:54 AM org.openqa.selenium.remote.ProtocolHandshake createSession
INFO: Detected dialect: W3C
May 05, 2022 11:36:54 AM org.openqa.selenium.devtools.CdpVersionFinder findNearestMatch
WARNING: Unable to find an exact match for CDP version 100, so returning the closest version found: 99
May 05, 2022 11:36:54 AM org.openqa.selenium.devtools.CdpVersionFinder findNearestMatch
INFO: Found CDP implementation for version 100 of 99
]]></system-err>
  </testcase>
</testsuite>