<?xml version="1.0" encoding="UTF-8"?>
<!-- Generated by org.testng.reporters.JUnitReportReporter -->
<testsuite skipped="0" hostname="Jatush" name="TestCases.RegisterTest" tests="5" failures="0" timestamp="2022-05-05T11:38:19 IST" time="127.034" errors="0">
  <testcase name="TC04_RegistrationWithValidEmailAndEmptyPassword" time="17.956" classname="TestCases.RegisterTest"/>
  <system-out/>
  <testcase name="TC02_RegistrationWithInvalidEmailAndValidPassword" time="30.117" classname="TestCases.RegisterTest"/>
  <system-out/>
  <testcase name="TC03_RegistrationWithEmptyEmailAndValidPassword" time="15.172" classname="TestCases.RegisterTest"/>
  <system-out/>
  <testcase name="TC01_RegistrationWithValidEmailAndValidPassword" time="47.301" classname="TestCases.RegisterTest"/>
  <system-out/>
  <testcase name="TC05_RegistrationWithEmptyEmailAndEmptyPassword" time="16.488" classname="TestCases.RegisterTest"/>
  <system-out/>
</testsuite> <!-- TestCases.RegisterTest -->
