<?xml version="1.0" encoding="UTF-8"?>
<!-- Generated by org.testng.reporters.JUnitReportReporter -->
<testsuite skipped="0" hostname="Jatush" name="TestCases.ShopTest" tests="5" failures="0" timestamp="2022-05-05T11:38:19 IST" time="448.860" errors="0">
  <testcase name="TC03_ShopSortOrderByNewnessFunctionality" time="81.048" classname="TestCases.ShopTest"/>
  <system-out/>
  <testcase name="TC04_ShopSortOrderByPriceLowToHighFunctionality" time="94.096" classname="TestCases.ShopTest"/>
  <system-out/>
  <testcase name="TC02_ShopProductCategoriesFunctionality" time="77.724" classname="TestCases.ShopTest"/>
  <system-out/>
  <testcase name="TC05_ShopSortOrderByPriceHighToLowFunctionality" time="85.230" classname="TestCases.ShopTest"/>
  <system-out/>
  <testcase name="TC01_ShopFilterByPriceFunctionality" time="110.762" classname="TestCases.ShopTest"/>
  <system-out/>
</testsuite> <!-- TestCases.ShopTest -->
