<?xml version="1.0" encoding="UTF-8"?>
<!-- Generated by org.testng.reporters.JUnitReportReporter -->
<testsuite skipped="0" hostname="Jatush" name="TestCases.LoginTest" tests="8" failures="0" timestamp="2022-05-05T11:38:19 IST" time="201.117" errors="0">
  <testcase name="TC03_LoginWithValidUsernameAndEmptyPassword" time="16.689" classname="TestCases.LoginTest"/>
  <system-out/>
  <testcase name="TC08_LoginAuthentication" time="19.355" classname="TestCases.LoginTest"/>
  <system-out/>
  <testcase name="TC07_LoginHandlesCaseSensitive" time="27.936" classname="TestCases.LoginTest"/>
  <system-out/>
  <testcase name="TC05_LoginWithEmptyUsernameAndEmptyPassword" time="50.316" classname="TestCases.LoginTest"/>
  <system-out/>
  <testcase name="TC01_LoginWithValidUsernameAndValidPassword" time="20.360" classname="TestCases.LoginTest"/>
  <system-out/>
  <testcase name="TC02_LoginWithInvalidUsernameAndInvalidPassword" time="21.403" classname="TestCases.LoginTest"/>
  <system-out/>
  <testcase name="TC06_LoginPasswordShouldBeMasked" time="24.957" classname="TestCases.LoginTest"/>
  <system-out/>
  <testcase name="TC04_LoginWithEmptyUsernameAndValidPassword" time="20.101" classname="TestCases.LoginTest"/>
  <system-out/>
</testsuite> <!-- TestCases.LoginTest -->
